[2023-08-11 10:39:54,803] Pre-Condition: Go to page
[2023-08-11 10:39:54,803] Run on FIREFOX
[2023-08-11 10:39:58,446] Pre-Condition: Navigate to Login page
[2023-08-11 10:39:59,447] Pre-Condition: Set cookies and reload page
[2023-08-11 10:40:04,664] Add_Product_To_Cart - Step 01: Open a product
[2023-08-11 10:40:09,374] Add_Product_To_Cart - Step 02: Click to see detail product
[2023-08-11 10:40:10,081] Add_Product_To_Cart - Step 03: Get product info
[2023-08-11 10:40:10,141] Add_Product_To_Cart - Step 04: Click 'Add to cart' button
[2023-08-11 10:40:10,379] Add_Product_To_Cart - Step 05: Verify message 'The product has been added to your shopping cart' displayed 
[2023-08-11 10:40:10,512]  -------------------------- PASSED -------------------------- 
[2023-08-11 10:40:10,517] Add_Product_To_Cart - Step 06: Click icon to close bar notification
[2023-08-11 10:40:11,762] Add_Product_To_Cart - Step 07: Verify product on shopping cart when hover mouse on 'Shopping cart' linktext
[2023-08-11 10:40:11,922]  -------------------------- PASSED -------------------------- 
[2023-08-11 10:40:12,056]  -------------------------- PASSED -------------------------- 
[2023-08-11 10:40:12,217]  -------------------------- PASSED -------------------------- 
[2023-08-11 10:40:12,357]  -------------------------- PASSED -------------------------- 
[2023-08-11 10:40:12,493]  -------------------------- PASSED -------------------------- 
[2023-08-11 10:40:12,566] Edit_Product_On_Shopping_Cart - Step 01: Click to 'Shopping cart' linktext on header page
[2023-08-11 10:40:13,703] Edit_Product_On_Shopping_Cart - Step 02: Get shopping cart url link
[2023-08-11 10:40:13,705] Edit_Product_On_Shopping_Cart - Step 02: Update quantity with value: 2
[2023-08-11 10:40:13,743] Edit_Product_On_Shopping_Cart - Step 03: Click to 'Update shopping cart' button 2
[2023-08-11 10:40:14,171] Edit_Product_On_Shopping_Cart - Step 04: Verify quantity field updated
[2023-08-11 10:40:14,218]  -------------------------- PASSED -------------------------- 
[2023-08-11 10:40:14,218] Edit_Product_On_Shopping_Cart - Step 05: Verify sub-total and total field updated
[2023-08-11 10:40:14,239]  -------------------------- PASSED -------------------------- 
[2023-08-11 10:40:14,260]  -------------------------- PASSED -------------------------- 
[2023-08-11 10:40:14,265] Remove_From_Cart - Step 01: Go to shopping cart url link
[2023-08-11 10:40:16,276] Remove_From_Cart - Step 02: Remove product on shopping cart
[2023-08-11 10:40:16,682] Remove_From_Cart - Step 03: Verify 'Your Shopping Cart is empty!' message displayed
[2023-08-11 10:40:16,732]  -------------------------- PASSED -------------------------- 
[2023-08-11 10:40:16,736] Update_Shopping_Cart - Step 01: Input product name to search textbox by value: Lenovo IdeaCentre 600 All-in-One PC
[2023-08-11 10:40:16,775] Update_Shopping_Cart - Step 02: Click to 'search' button 
[2023-08-11 10:40:36,923] Checkout_By_Cheque - Step 01: Input product name to search textbox by value: Lenovo IdeaCentre 600 All-in-One PC
[2023-08-11 10:40:36,977] Checkout_By_Cheque - Step 02: Click to 'search' button 
[2023-08-11 10:40:57,046] OS name = windows 10
[2023-08-11 10:40:57,046] Driver instance name = firefoxdriver: firefox on windows (3e6b2ffa-309b-4e3a-9a79-136f298e9bd6)
[2023-08-11 11:10:20,275] OS name = windows 10
[2023-08-11 11:10:20,276] Cannot invoke "Object.toString()" because "this.driver" is null
[2023-08-11 11:17:17,073] Pre-Condition: Go to page
[2023-08-11 11:17:17,073] Run on FIREFOX
[2023-08-11 11:17:20,561] Pre-Condition: Navigate to Login page
[2023-08-11 11:17:21,542] Pre-Condition: Set cookies and reload page
[2023-08-11 11:17:26,220] Add_Product_To_Cart - Step 01: Open a product
[2023-08-11 11:17:31,143] Add_Product_To_Cart - Step 02: Click to see detail product
[2023-08-11 11:17:31,646] Add_Product_To_Cart - Step 03: Get product info
[2023-08-11 11:17:31,706] Add_Product_To_Cart - Step 04: Click 'Add to cart' button
[2023-08-11 11:17:31,941] Add_Product_To_Cart - Step 05: Verify message 'The product has been added to your shopping cart' displayed 
[2023-08-11 11:17:32,050]  -------------------------- PASSED -------------------------- 
[2023-08-11 11:17:32,051] Add_Product_To_Cart - Step 06: Click icon to close bar notification
[2023-08-11 11:17:33,287] Add_Product_To_Cart - Step 07: Verify product on shopping cart when hover mouse on 'Shopping cart' linktext
[2023-08-11 11:17:33,447]  -------------------------- PASSED -------------------------- 
[2023-08-11 11:17:33,585]  -------------------------- PASSED -------------------------- 
[2023-08-11 11:17:33,728]  -------------------------- PASSED -------------------------- 
[2023-08-11 11:17:33,868]  -------------------------- PASSED -------------------------- 
[2023-08-11 11:17:34,011]  -------------------------- PASSED -------------------------- 
[2023-08-11 11:17:34,089] Edit_Product_On_Shopping_Cart - Step 01: Click to 'Shopping cart' linktext on header page
[2023-08-11 11:17:34,560] Edit_Product_On_Shopping_Cart - Step 02: Get shopping cart url link
[2023-08-11 11:17:34,562] Edit_Product_On_Shopping_Cart - Step 02: Update quantity with value: 2
[2023-08-11 11:17:34,620] Edit_Product_On_Shopping_Cart - Step 03: Click to 'Update shopping cart' button 2
[2023-08-11 11:17:35,564] Edit_Product_On_Shopping_Cart - Step 04: Verify quantity field updated
[2023-08-11 11:17:35,603]  -------------------------- PASSED -------------------------- 
[2023-08-11 11:17:35,603] Edit_Product_On_Shopping_Cart - Step 05: Verify sub-total and total field updated
[2023-08-11 11:17:35,624]  -------------------------- PASSED -------------------------- 
[2023-08-11 11:17:35,646]  -------------------------- PASSED -------------------------- 
[2023-08-11 11:17:35,648] Remove_From_Cart - Step 01: Go to shopping cart url link
[2023-08-11 11:17:37,658] Remove_From_Cart - Step 02: Remove product on shopping cart
[2023-08-11 11:17:38,039] Remove_From_Cart - Step 03: Verify 'Your Shopping Cart is empty!' message displayed
[2023-08-11 11:17:38,085]  -------------------------- PASSED -------------------------- 
[2023-08-11 11:17:38,088] Update_Shopping_Cart - Step 01: Input product name to search textbox by value: Lenovo IdeaCentre 600 All-in-One PC
[2023-08-11 11:17:38,130] Update_Shopping_Cart - Step 02: Click to 'search' button 
[2023-08-11 11:17:58,203] Checkout_By_Cheque - Step 01: Input product name to search textbox by value: Lenovo IdeaCentre 600 All-in-One PC
[2023-08-11 11:17:58,257] Checkout_By_Cheque - Step 02: Click to 'search' button 
[2023-08-11 11:18:18,320] OS name = windows 10
[2023-08-11 11:18:18,320] Driver instance name = firefoxdriver: firefox on windows (f8ae78cb-cf23-4be9-8bd3-0fca0dee3d9b)
[2023-08-15 16:00:01,758] OS name = windows 10
[2023-08-15 16:00:01,772] Cannot invoke "Object.toString()" because "this.driver" is null
[2023-08-15 16:01:53,916] Pre-Condition - Step 01: Go page
[2023-08-15 16:01:54,081] OS name = windows 10
[2023-08-15 16:01:54,081] 
[2023-08-15 16:13:27,074] Pre-Condition - Step 01: Go page
[2023-08-15 16:13:27,217] OS name = windows 10
[2023-08-15 16:13:27,217] 
[2023-08-17 16:41:12,415] Pre-Condition: Go to page
[2023-08-17 16:41:12,528] Run on FIREFOX
[2023-08-17 16:41:16,872] Pre-Condition: Navigate to Login page
[2023-08-17 16:41:17,892] Pre-Condition: Set cookies and reload page
[2023-08-17 16:41:23,167] Add_Product_To_Cart - Step 01: Open a product
[2023-08-17 16:41:27,741] Add_Product_To_Cart - Step 02: Click to see detail product
[2023-08-17 16:41:28,289] Add_Product_To_Cart - Step 03: Get product info
[2023-08-17 16:41:28,341] Add_Product_To_Cart - Step 04: Click 'Add to cart' button
[2023-08-17 16:41:28,574] Add_Product_To_Cart - Step 05: Verify message 'The product has been added to your shopping cart' displayed 
[2023-08-17 16:41:28,688]  -------------------------- PASSED -------------------------- 
[2023-08-17 16:41:28,688] Add_Product_To_Cart - Step 06: Click icon to close bar notification
[2023-08-17 16:41:29,922] Add_Product_To_Cart - Step 07: Verify product on shopping cart when hover mouse on 'Shopping cart' linktext
[2023-08-17 16:41:30,091]  -------------------------- PASSED -------------------------- 
[2023-08-17 16:41:30,229]  -------------------------- PASSED -------------------------- 
[2023-08-17 16:41:30,369]  -------------------------- PASSED -------------------------- 
[2023-08-17 16:41:30,507]  -------------------------- PASSED -------------------------- 
[2023-08-17 16:41:30,643]  -------------------------- PASSED -------------------------- 
[2023-08-17 16:41:30,724] Edit_Product_On_Shopping_Cart - Step 01: Click to 'Shopping cart' linktext on header page
[2023-08-17 16:41:31,180] Edit_Product_On_Shopping_Cart - Step 02: Get shopping cart url link
[2023-08-17 16:41:31,183] Edit_Product_On_Shopping_Cart - Step 02: Update quantity with value: 2
[2023-08-17 16:41:31,230] Edit_Product_On_Shopping_Cart - Step 03: Click to 'Update shopping cart' button 2
[2023-08-17 16:41:32,193] Edit_Product_On_Shopping_Cart - Step 04: Verify quantity field updated
[2023-08-17 16:41:32,235]  -------------------------- PASSED -------------------------- 
[2023-08-17 16:41:32,235] Edit_Product_On_Shopping_Cart - Step 05: Verify sub-total and total field updated
[2023-08-17 16:41:32,258]  -------------------------- PASSED -------------------------- 
[2023-08-17 16:41:32,284]  -------------------------- PASSED -------------------------- 
[2023-08-17 16:41:32,287] Remove_From_Cart - Step 01: Go to shopping cart url link
[2023-08-17 16:41:34,296] Remove_From_Cart - Step 02: Remove product on shopping cart
[2023-08-17 16:41:34,715] Remove_From_Cart - Step 03: Verify 'Your Shopping Cart is empty!' message displayed
[2023-08-17 16:41:34,768]  -------------------------- PASSED -------------------------- 
[2023-08-17 16:41:34,832] Update_Shopping_Cart - Step 01: Input product name to search textbox by value: Lenovo IdeaCentre 600 All-in-One PC
[2023-08-17 16:41:34,874] Update_Shopping_Cart - Step 02: Click to 'search' button 
[2023-08-17 16:41:54,952] Checkout_By_Cheque - Step 01: Input product name to search textbox by value: Lenovo IdeaCentre 600 All-in-One PC
[2023-08-17 16:41:55,016] Checkout_By_Cheque - Step 02: Click to 'search' button 
[2023-08-17 16:42:15,377] OS name = windows 10
[2023-08-17 16:42:15,377] Driver instance name = firefoxdriver: firefox on windows (09f26deb-8191-489b-8954-f7cf82448d19)
[2023-08-17 16:46:15,357] Pre-Condition: Go to page
[2023-08-17 16:46:15,522] OS name = windows 10
[2023-08-17 16:46:15,522] 
[2023-08-17 16:49:40,140] Pre-Condition: Go to page
[2023-08-17 16:49:40,140] Run on FIREFOX
[2023-08-17 16:49:43,803] Pre-Condition: Navigate to Login page
[2023-08-17 16:49:44,802] Pre-Condition: Set cookies and reload page
[2023-08-17 16:49:50,108] Add_Product_To_Cart - Step 01: Open a product
[2023-08-17 16:49:55,129] Add_Product_To_Cart - Step 02: Click to see detail product
[2023-08-17 16:49:55,688] Add_Product_To_Cart - Step 03: Get product info
[2023-08-17 16:49:55,739] Add_Product_To_Cart - Step 04: Click 'Add to cart' button
[2023-08-17 16:49:55,974] Add_Product_To_Cart - Step 05: Verify message 'The product has been added to your shopping cart' displayed 
[2023-08-17 16:49:56,076]  -------------------------- PASSED -------------------------- 
[2023-08-17 16:49:56,076] Add_Product_To_Cart - Step 06: Click icon to close bar notification
[2023-08-17 16:49:57,313] Add_Product_To_Cart - Step 07: Verify product on shopping cart when hover mouse on 'Shopping cart' linktext
[2023-08-17 16:49:57,476]  -------------------------- PASSED -------------------------- 
[2023-08-17 16:49:57,615]  -------------------------- PASSED -------------------------- 
[2023-08-17 16:49:57,754]  -------------------------- PASSED -------------------------- 
[2023-08-17 16:49:57,915]  -------------------------- PASSED -------------------------- 
[2023-08-17 16:49:58,049]  -------------------------- PASSED -------------------------- 
[2023-08-17 16:49:58,124] OS name = windows 10
[2023-08-17 16:49:58,124] Driver instance name = firefoxdriver: firefox on windows (e25ac37b-906d-42f9-94b8-a5e42ff114df)
[2023-08-17 16:51:40,274] OS name = windows 10
[2023-08-17 16:51:40,275] Cannot invoke "Object.toString()" because "this.driver" is null
[2023-08-17 16:51:57,896] Pre-Condition: Go to page
[2023-08-17 16:51:57,896] Run on FIREFOX
[2023-08-17 16:52:01,460] Pre-Condition: Navigate to Login page
[2023-08-17 16:52:02,087] Pre-Condition: Set cookies and reload page
[2023-08-17 16:52:07,042] Add_Product_To_Cart - Step 01: Open a product
[2023-08-17 16:52:11,454] Add_Product_To_Cart - Step 02: Click to see detail product
[2023-08-17 16:52:11,989] Add_Product_To_Cart - Step 03: Get product info
[2023-08-17 16:52:12,041] Add_Product_To_Cart - Step 04: Click 'Add to cart' button
[2023-08-17 16:52:12,279] Add_Product_To_Cart - Step 05: Verify message 'The product has been added to your shopping cart' displayed 
[2023-08-17 16:52:12,595]  -------------------------- PASSED -------------------------- 
[2023-08-17 16:52:12,595] Add_Product_To_Cart - Step 06: Click icon to close bar notification
[2023-08-17 16:52:13,829] Add_Product_To_Cart - Step 07: Verify product on shopping cart when hover mouse on 'Shopping cart' linktext
[2023-08-17 16:52:13,986]  -------------------------- PASSED -------------------------- 
[2023-08-17 16:52:14,141]  -------------------------- PASSED -------------------------- 
[2023-08-17 16:52:14,283]  -------------------------- PASSED -------------------------- 
[2023-08-17 16:52:14,434]  -------------------------- PASSED -------------------------- 
[2023-08-17 16:52:14,583]  -------------------------- PASSED -------------------------- 
[2023-08-17 16:52:14,680] OS name = windows 10
[2023-08-17 16:52:14,680] Driver instance name = firefoxdriver: firefox on windows (ffd88423-44f2-4e97-8d71-227d1489a6b3)
[2023-08-17 16:54:46,649] Pre-Condition: Go to page
[2023-08-17 16:54:46,649] Run on FIREFOX
[2023-08-17 16:54:50,305] Pre-Condition: Navigate to Login page
[2023-08-17 16:54:51,369] Pre-Condition: Set cookies and reload page
[2023-08-17 16:54:56,645] Add_Product_To_Cart - Step 01: Open a product
[2023-08-17 16:55:01,568] Add_Product_To_Cart - Step 02: Click to see detail product
[2023-08-17 16:55:02,147] Add_Product_To_Cart - Step 03: Get product info
[2023-08-17 16:55:02,209] Add_Product_To_Cart - Step 04: Click 'Add to cart' button
[2023-08-17 16:55:02,445] Add_Product_To_Cart - Step 05: Verify message 'The product has been added to your shopping cart' displayed 
[2023-08-17 16:55:02,607]  -------------------------- PASSED -------------------------- 
[2023-08-17 16:55:02,607] Add_Product_To_Cart - Step 06: Click icon to close bar notification
[2023-08-17 16:55:03,844] Add_Product_To_Cart - Step 07: Verify product on shopping cart when hover mouse on 'Shopping cart' linktext
[2023-08-17 16:55:04,027]  -------------------------- PASSED -------------------------- 
[2023-08-17 16:55:04,166]  -------------------------- PASSED -------------------------- 
[2023-08-17 16:55:04,309]  -------------------------- PASSED -------------------------- 
[2023-08-17 16:55:04,446]  -------------------------- PASSED -------------------------- 
[2023-08-17 16:55:04,608]  -------------------------- PASSED -------------------------- 
[2023-08-17 16:55:04,692] OS name = windows 10
[2023-08-17 16:55:04,692] Driver instance name = firefoxdriver: firefox on windows (e9a95273-3e3c-4ae8-a32a-5bef9c6910b2)
[2023-08-17 17:06:34,443] Pre-Condition: Go to page
[2023-08-17 17:06:34,444] Run on FIREFOX
[2023-08-17 17:06:38,072] Pre-Condition: Navigate to Login page
[2023-08-17 17:06:39,098] Pre-Condition: Set cookies and reload page
[2023-08-17 17:06:50,076]  -------------------------- PASSED -------------------------- 
[2023-08-17 17:06:51,470]  -------------------------- PASSED -------------------------- 
[2023-08-17 17:06:51,619]  -------------------------- PASSED -------------------------- 
[2023-08-17 17:06:51,763]  -------------------------- PASSED -------------------------- 
[2023-08-17 17:06:51,910]  -------------------------- PASSED -------------------------- 
[2023-08-17 17:06:52,043]  -------------------------- PASSED -------------------------- 
[2023-08-17 17:06:52,123] OS name = windows 10
[2023-08-17 17:06:52,123] Driver instance name = firefoxdriver: firefox on windows (7db6cb4d-5944-4b68-850c-78594326f80c)
[2023-08-17 17:08:34,031] Pre-Condition: Go to page
[2023-08-17 17:08:34,031] Run on FIREFOX
[2023-08-17 17:08:37,295] Pre-Condition: Navigate to Login page
[2023-08-17 17:08:38,267] Pre-Condition: Set cookies and reload page
[2023-08-17 17:08:48,728]  -------------------------- PASSED -------------------------- 
[2023-08-17 17:08:50,140]  -------------------------- PASSED -------------------------- 
[2023-08-17 17:08:50,289]  -------------------------- PASSED -------------------------- 
[2023-08-17 17:08:50,421]  -------------------------- PASSED -------------------------- 
[2023-08-17 17:08:50,560]  -------------------------- PASSED -------------------------- 
[2023-08-17 17:08:50,703]  -------------------------- PASSED -------------------------- 
[2023-08-17 17:08:50,773] Edit_Product_On_Shopping_Cart - Step 01: Click to 'Shopping cart' linktext on header page
[2023-08-17 17:08:51,232] Edit_Product_On_Shopping_Cart - Step 02: Get shopping cart url link
[2023-08-17 17:08:51,236] Edit_Product_On_Shopping_Cart - Step 02: Update quantity with value: 2
[2023-08-17 17:08:51,280] Edit_Product_On_Shopping_Cart - Step 03: Click to 'Update shopping cart' button 2
[2023-08-17 17:08:52,199] Edit_Product_On_Shopping_Cart - Step 04: Verify quantity field updated
[2023-08-17 17:08:52,246]  -------------------------- PASSED -------------------------- 
[2023-08-17 17:08:52,246] Edit_Product_On_Shopping_Cart - Step 05: Verify sub-total and total field updated
[2023-08-17 17:08:52,270]  -------------------------- PASSED -------------------------- 
[2023-08-17 17:08:52,294]  -------------------------- PASSED -------------------------- 
[2023-08-17 17:08:52,361] Remove_From_Cart - Step 01: Go to shopping cart url link
[2023-08-17 17:08:54,373] Remove_From_Cart - Step 02: Remove product on shopping cart
[2023-08-17 17:08:54,838] Remove_From_Cart - Step 03: Verify 'Your Shopping Cart is empty!' message displayed
[2023-08-17 17:08:54,881]  -------------------------- PASSED -------------------------- 
[2023-08-17 17:08:54,883] Update_Shopping_Cart - Step 01: Input product name to search textbox by value: Lenovo IdeaCentre 600 All-in-One PC
[2023-08-17 17:08:54,923] Update_Shopping_Cart - Step 02: Click to 'search' button 
[2023-08-17 17:09:15,024] OS name = windows 10
[2023-08-17 17:09:15,024] Driver instance name = firefoxdriver: firefox on windows (4d847604-af96-49fc-a468-33e3c4be2b09)
[2023-08-17 17:16:55,563] Pre-Condition: Go to page
[2023-08-17 17:16:55,564] Run on FIREFOX
[2023-08-17 17:16:59,252] Pre-Condition: Navigate to Login page
[2023-08-17 17:17:00,294] Pre-Condition: Set cookies and reload page
[2023-08-17 17:17:16,544]  -------------------------- PASSED -------------------------- 
[2023-08-17 17:17:17,952]  -------------------------- PASSED -------------------------- 
[2023-08-17 17:17:18,107]  -------------------------- PASSED -------------------------- 
[2023-08-17 17:17:18,270]  -------------------------- PASSED -------------------------- 
[2023-08-17 17:17:18,412]  -------------------------- PASSED -------------------------- 
[2023-08-17 17:17:18,554]  -------------------------- PASSED -------------------------- 
[2023-08-17 17:17:20,107]  -------------------------- PASSED -------------------------- 
[2023-08-17 17:17:20,130]  -------------------------- PASSED -------------------------- 
[2023-08-17 17:17:20,153]  -------------------------- PASSED -------------------------- 
[2023-08-17 17:17:22,730]  -------------------------- PASSED -------------------------- 
[2023-08-17 17:17:42,870] OS name = windows 10
[2023-08-17 17:17:42,870] Driver instance name = firefoxdriver: firefox on windows (10ccba10-f4fb-4d82-a523-5efa970767ca)
[2023-08-17 17:25:17,825] Pre-Condition: Go to page
[2023-08-17 17:25:17,826] Run on FIREFOX
[2023-08-17 17:25:21,392] Pre-Condition: Navigate to Login page
[2023-08-17 17:25:22,403] Pre-Condition: Set cookies and reload page
[2023-08-17 17:25:33,387]  -------------------------- PASSED -------------------------- 
[2023-08-17 17:25:34,781]  -------------------------- PASSED -------------------------- 
[2023-08-17 17:25:34,940]  -------------------------- PASSED -------------------------- 
[2023-08-17 17:25:35,078]  -------------------------- PASSED -------------------------- 
[2023-08-17 17:25:35,228]  -------------------------- PASSED -------------------------- 
[2023-08-17 17:25:35,367]  -------------------------- PASSED -------------------------- 
[2023-08-17 17:25:36,950]  -------------------------- PASSED -------------------------- 
[2023-08-17 17:25:36,976]  -------------------------- PASSED -------------------------- 
[2023-08-17 17:25:37,000]  -------------------------- PASSED -------------------------- 
[2023-08-17 17:25:39,525]  -------------------------- PASSED -------------------------- 
[2023-08-17 17:25:59,662] OS name = windows 10
[2023-08-17 17:25:59,662] Driver instance name = firefoxdriver: firefox on windows (256cd446-0bd2-4af1-b0d4-f3725fd8e115)
[2023-08-17 17:29:20,689] Pre-Condition: Go to page
[2023-08-17 17:29:20,689] Run on FIREFOX
[2023-08-17 17:29:24,325] Pre-Condition: Navigate to Login page
[2023-08-17 17:29:25,328] Pre-Condition: Set cookies and reload page
[2023-08-17 17:29:36,288]  -------------------------- PASSED -------------------------- 
[2023-08-17 17:29:37,695]  -------------------------- PASSED -------------------------- 
[2023-08-17 17:29:37,838]  -------------------------- PASSED -------------------------- 
[2023-08-17 17:29:38,001]  -------------------------- PASSED -------------------------- 
[2023-08-17 17:29:38,136]  -------------------------- PASSED -------------------------- 
[2023-08-17 17:29:38,271]  -------------------------- PASSED -------------------------- 
[2023-08-17 17:29:40,351]  -------------------------- PASSED -------------------------- 
[2023-08-17 17:29:40,375]  -------------------------- PASSED -------------------------- 
[2023-08-17 17:29:40,398]  -------------------------- PASSED -------------------------- 
[2023-08-17 17:29:42,862]  -------------------------- PASSED -------------------------- 
[2023-08-17 17:30:03,599] OS name = windows 10
[2023-08-17 17:30:03,599] Driver instance name = firefoxdriver: firefox on windows (0d27fbf1-aff4-4bae-88da-6855a77a3801)
[2023-08-17 17:34:46,750] Pre-Condition: Go to page
[2023-08-17 17:34:46,750] Run on FIREFOX
[2023-08-17 17:34:50,310] Pre-Condition: Navigate to Login page
[2023-08-17 17:34:51,356] Pre-Condition: Set cookies and reload page
[2023-08-17 17:35:02,435]  -------------------------- PASSED -------------------------- 
[2023-08-17 17:35:03,829]  -------------------------- PASSED -------------------------- 
[2023-08-17 17:35:03,966]  -------------------------- PASSED -------------------------- 
[2023-08-17 17:35:04,113]  -------------------------- PASSED -------------------------- 
[2023-08-17 17:35:04,250]  -------------------------- PASSED -------------------------- 
[2023-08-17 17:35:04,393]  -------------------------- PASSED -------------------------- 
[2023-08-17 17:35:06,027]  -------------------------- PASSED -------------------------- 
[2023-08-17 17:35:06,058]  -------------------------- PASSED -------------------------- 
[2023-08-17 17:35:06,085]  -------------------------- PASSED -------------------------- 
[2023-08-17 17:35:08,604]  -------------------------- PASSED -------------------------- 
[2023-08-17 17:35:11,510] OS name = windows 10
[2023-08-17 17:35:11,511] Driver instance name = firefoxdriver: firefox on windows (e6c7290c-0ed2-420b-9f90-d763f6898afb)
[2023-08-17 17:35:41,968] Pre-Condition: Go to page
[2023-08-17 17:35:41,968] Run on FIREFOX
[2023-08-17 17:35:45,543] Pre-Condition: Navigate to Login page
[2023-08-17 17:35:46,553] Pre-Condition: Set cookies and reload page
[2023-08-17 17:35:57,593]  -------------------------- PASSED -------------------------- 
[2023-08-17 17:35:58,990]  -------------------------- PASSED -------------------------- 
[2023-08-17 17:35:59,133]  -------------------------- PASSED -------------------------- 
[2023-08-17 17:35:59,277]  -------------------------- PASSED -------------------------- 
[2023-08-17 17:35:59,417]  -------------------------- PASSED -------------------------- 
[2023-08-17 17:35:59,573]  -------------------------- PASSED -------------------------- 
[2023-08-17 17:36:01,729]  -------------------------- PASSED -------------------------- 
[2023-08-17 17:36:01,754]  -------------------------- PASSED -------------------------- 
[2023-08-17 17:36:01,778]  -------------------------- PASSED -------------------------- 
[2023-08-17 17:36:04,290]  -------------------------- PASSED -------------------------- 
[2023-08-17 17:36:07,106] Checkout_By_Cheque - Step 01: Input product name to search textbox by value: Lenovo IdeaCentre 600 All-in-One PC
[2023-08-17 17:36:07,142] Checkout_By_Cheque - Step 02: Click to 'search' button 
[2023-08-17 17:36:27,233] OS name = windows 10
[2023-08-17 17:36:27,233] Driver instance name = firefoxdriver: firefox on windows (e8edcf24-fc91-48cf-a800-fa1eabbf6e31)
[2023-08-18 16:05:21,774] Pre-Condition: Go to page
[2023-08-18 16:05:21,793] Run on FIREFOX
[2023-08-18 16:05:25,562] Pre-Condition: Navigate to Login page
[2023-08-18 16:05:26,566] Pre-Condition: Set cookies and reload page
[2023-08-18 16:05:42,266]  -------------------------- PASSED -------------------------- 
[2023-08-18 16:05:43,679]  -------------------------- PASSED -------------------------- 
[2023-08-18 16:05:43,816]  -------------------------- PASSED -------------------------- 
[2023-08-18 16:05:43,959]  -------------------------- PASSED -------------------------- 
[2023-08-18 16:05:44,107]  -------------------------- PASSED -------------------------- 
[2023-08-18 16:05:44,249]  -------------------------- PASSED -------------------------- 
[2023-08-18 16:05:45,322]  -------------------------- PASSED -------------------------- 
[2023-08-18 16:05:45,347]  -------------------------- PASSED -------------------------- 
[2023-08-18 16:05:45,370]  -------------------------- PASSED -------------------------- 
[2023-08-18 16:05:48,309]  -------------------------- PASSED -------------------------- 
[2023-08-18 16:06:31,438] OS name = windows 10
[2023-08-18 16:06:31,438] Driver instance name = firefoxdriver: firefox on windows (0790c8bc-57dd-4685-bd75-d90a49d381e2)
[2023-08-18 16:11:15,043] Pre-Condition: Go to page
[2023-08-18 16:11:15,044] Run on FIREFOX
[2023-08-18 16:11:18,637] Pre-Condition: Navigate to Login page
[2023-08-18 16:11:19,616] Pre-Condition: Set cookies and reload page
[2023-08-18 16:11:31,142]  -------------------------- PASSED -------------------------- 
[2023-08-18 16:11:32,537]  -------------------------- PASSED -------------------------- 
[2023-08-18 16:11:32,673]  -------------------------- PASSED -------------------------- 
[2023-08-18 16:11:32,809]  -------------------------- PASSED -------------------------- 
[2023-08-18 16:11:32,947]  -------------------------- PASSED -------------------------- 
[2023-08-18 16:11:33,085]  -------------------------- PASSED -------------------------- 
[2023-08-18 16:11:34,651]  -------------------------- PASSED -------------------------- 
[2023-08-18 16:11:34,675]  -------------------------- PASSED -------------------------- 
[2023-08-18 16:11:34,698]  -------------------------- PASSED -------------------------- 
[2023-08-18 16:11:37,162]  -------------------------- PASSED -------------------------- 
[2023-08-18 16:11:45,581] OS name = windows 10
[2023-08-18 16:11:45,581] Driver instance name = firefoxdriver: firefox on windows (863babfa-a919-4a39-8e54-249e4e08a888)
[2023-08-18 16:22:12,892] Pre-Condition: Go to page
[2023-08-18 16:22:12,893] Run on FIREFOX
[2023-08-18 16:22:16,428] Pre-Condition: Navigate to Login page
[2023-08-18 16:22:17,414] Pre-Condition: Set cookies and reload page
[2023-08-18 16:22:29,394]  -------------------------- PASSED -------------------------- 
[2023-08-18 16:22:30,787]  -------------------------- PASSED -------------------------- 
[2023-08-18 16:22:30,924]  -------------------------- PASSED -------------------------- 
[2023-08-18 16:22:31,062]  -------------------------- PASSED -------------------------- 
[2023-08-18 16:22:31,201]  -------------------------- PASSED -------------------------- 
[2023-08-18 16:22:31,349]  -------------------------- PASSED -------------------------- 
[2023-08-18 16:22:32,891]  -------------------------- PASSED -------------------------- 
[2023-08-18 16:22:32,918]  -------------------------- PASSED -------------------------- 
[2023-08-18 16:22:32,942]  -------------------------- PASSED -------------------------- 
[2023-08-18 16:22:35,386]  -------------------------- PASSED -------------------------- 
[2023-08-18 16:22:42,791]  -------------------------- PASSED -------------------------- 
[2023-08-18 16:23:03,445] OS name = windows 10
[2023-08-18 16:23:03,445] Driver instance name = firefoxdriver: firefox on windows (87e0c7b1-6f29-4078-bc57-faceaa86297b)
[2023-08-18 16:25:02,114] Pre-Condition: Go to page
[2023-08-18 16:25:02,115] Run on FIREFOX
[2023-08-18 16:25:05,746] Pre-Condition: Navigate to Login page
[2023-08-18 16:25:06,745] Pre-Condition: Set cookies and reload page
[2023-08-18 16:25:17,810]  -------------------------- PASSED -------------------------- 
[2023-08-18 16:25:19,199]  -------------------------- PASSED -------------------------- 
[2023-08-18 16:25:19,340]  -------------------------- PASSED -------------------------- 
[2023-08-18 16:25:19,473]  -------------------------- PASSED -------------------------- 
[2023-08-18 16:25:19,608]  -------------------------- PASSED -------------------------- 
[2023-08-18 16:25:19,749]  -------------------------- PASSED -------------------------- 
[2023-08-18 16:25:21,351]  -------------------------- PASSED -------------------------- 
[2023-08-18 16:25:21,375]  -------------------------- PASSED -------------------------- 
[2023-08-18 16:25:21,398]  -------------------------- PASSED -------------------------- 
[2023-08-18 16:25:23,898]  -------------------------- PASSED -------------------------- 
[2023-08-18 16:25:30,048]  -------------------------- PASSED -------------------------- 
[2023-08-18 16:25:55,939] OS name = windows 10
[2023-08-18 16:25:55,939] Driver instance name = firefoxdriver: firefox on windows (f04b9133-1923-45cb-9af5-8771920315df)
[2023-08-18 16:29:01,963] Pre-Condition: Go to page
[2023-08-18 16:29:01,963] Run on FIREFOX
[2023-08-18 16:29:05,506] Pre-Condition: Navigate to Login page
[2023-08-18 16:29:06,578] Pre-Condition: Set cookies and reload page
[2023-08-18 16:29:18,412]  -------------------------- PASSED -------------------------- 
[2023-08-18 16:29:19,800]  -------------------------- PASSED -------------------------- 
[2023-08-18 16:29:19,937]  -------------------------- PASSED -------------------------- 
[2023-08-18 16:29:20,079]  -------------------------- PASSED -------------------------- 
[2023-08-18 16:29:20,215]  -------------------------- PASSED -------------------------- 
[2023-08-18 16:29:20,361]  -------------------------- PASSED -------------------------- 
[2023-08-18 16:29:21,882]  -------------------------- PASSED -------------------------- 
[2023-08-18 16:29:21,905]  -------------------------- PASSED -------------------------- 
[2023-08-18 16:29:21,928]  -------------------------- PASSED -------------------------- 
[2023-08-18 16:29:24,400]  -------------------------- PASSED -------------------------- 
[2023-08-18 16:29:31,130]  -------------------------- PASSED -------------------------- 
[2023-08-18 16:29:36,898]  -------------------------- PASSED -------------------------- 
[2023-08-18 16:29:43,615]  -------------------------- FAILED -------------------------- 
[2023-08-18 16:29:43,926]  -------------------------- PASSED -------------------------- 
[2023-08-18 16:29:43,948]  -------------------------- PASSED -------------------------- 
[2023-08-18 16:29:43,974]  -------------------------- PASSED -------------------------- 
[2023-08-18 16:29:43,995]  -------------------------- PASSED -------------------------- 
[2023-08-18 16:29:44,020]  -------------------------- PASSED -------------------------- 
[2023-08-18 16:29:44,044]  -------------------------- PASSED -------------------------- 
[2023-08-18 16:29:44,066]  -------------------------- PASSED -------------------------- 
[2023-08-18 16:29:44,090]  -------------------------- PASSED -------------------------- 
[2023-08-18 16:30:04,186] OS name = windows 10
[2023-08-18 16:30:04,186] Driver instance name = firefoxdriver: firefox on windows (2bdd5ed3-3d3c-4f2b-89ea-50d9ebf35627)
[2023-08-18 16:32:52,295] Pre-Condition: Go to page
[2023-08-18 16:32:52,295] Run on FIREFOX
[2023-08-18 16:32:55,912] Pre-Condition: Navigate to Login page
[2023-08-18 16:32:56,925] Pre-Condition: Set cookies and reload page
[2023-08-18 16:33:08,397]  -------------------------- PASSED -------------------------- 
[2023-08-18 16:33:09,791]  -------------------------- PASSED -------------------------- 
[2023-08-18 16:33:09,942]  -------------------------- PASSED -------------------------- 
[2023-08-18 16:33:10,082]  -------------------------- PASSED -------------------------- 
[2023-08-18 16:33:10,231]  -------------------------- PASSED -------------------------- 
[2023-08-18 16:33:10,370]  -------------------------- PASSED -------------------------- 
[2023-08-18 16:33:13,510]  -------------------------- PASSED -------------------------- 
[2023-08-18 16:33:13,536]  -------------------------- PASSED -------------------------- 
[2023-08-18 16:33:13,559]  -------------------------- PASSED -------------------------- 
[2023-08-18 16:33:16,014]  -------------------------- PASSED -------------------------- 
[2023-08-18 16:33:23,378]  -------------------------- PASSED -------------------------- 
[2023-08-18 16:33:29,201]  -------------------------- PASSED -------------------------- 
[2023-08-18 16:33:37,050]  -------------------------- FAILED -------------------------- 
[2023-08-18 16:33:37,369]  -------------------------- PASSED -------------------------- 
[2023-08-18 16:33:37,390]  -------------------------- PASSED -------------------------- 
[2023-08-18 16:33:37,412]  -------------------------- PASSED -------------------------- 
[2023-08-18 16:33:37,433]  -------------------------- PASSED -------------------------- 
[2023-08-18 16:33:37,454]  -------------------------- PASSED -------------------------- 
[2023-08-18 16:33:37,476]  -------------------------- PASSED -------------------------- 
[2023-08-18 16:33:37,498]  -------------------------- PASSED -------------------------- 
[2023-08-18 16:33:37,520]  -------------------------- PASSED -------------------------- 
[2023-08-18 16:33:57,597] OS name = windows 10
[2023-08-18 16:33:57,597] Driver instance name = firefoxdriver: firefox on windows (63c81ae3-4527-4c92-8d32-4966818bca79)
[2023-08-18 16:40:44,729] Pre-Condition: Go to page
[2023-08-18 16:40:44,729] Run on FIREFOX
[2023-08-18 16:40:52,351] Pre-Condition: Navigate to Login page
[2023-08-18 16:40:53,368] Pre-Condition: Set cookies and reload page
[2023-08-18 16:41:03,930]  -------------------------- PASSED -------------------------- 
[2023-08-18 16:41:05,332]  -------------------------- PASSED -------------------------- 
[2023-08-18 16:41:05,473]  -------------------------- PASSED -------------------------- 
[2023-08-18 16:41:05,613]  -------------------------- PASSED -------------------------- 
[2023-08-18 16:41:05,755]  -------------------------- PASSED -------------------------- 
[2023-08-18 16:41:05,908]  -------------------------- PASSED -------------------------- 
[2023-08-18 16:41:07,486]  -------------------------- PASSED -------------------------- 
[2023-08-18 16:41:07,509]  -------------------------- PASSED -------------------------- 
[2023-08-18 16:41:07,531]  -------------------------- PASSED -------------------------- 
[2023-08-18 16:41:11,010]  -------------------------- PASSED -------------------------- 
[2023-08-18 16:41:17,059]  -------------------------- PASSED -------------------------- 
[2023-08-18 16:41:23,058]  -------------------------- PASSED -------------------------- 
[2023-08-18 16:41:29,920]  -------------------------- FAILED -------------------------- 
[2023-08-18 16:41:30,246]  -------------------------- PASSED -------------------------- 
[2023-08-18 16:41:30,268]  -------------------------- PASSED -------------------------- 
[2023-08-18 16:41:30,289]  -------------------------- PASSED -------------------------- 
[2023-08-18 16:41:30,311]  -------------------------- PASSED -------------------------- 
[2023-08-18 16:41:30,332]  -------------------------- PASSED -------------------------- 
[2023-08-18 16:41:30,355]  -------------------------- PASSED -------------------------- 
[2023-08-18 16:41:30,376]  -------------------------- PASSED -------------------------- 
[2023-08-18 16:41:30,400]  -------------------------- PASSED -------------------------- 
[2023-08-18 16:41:30,421]  -------------------------- PASSED -------------------------- 
[2023-08-18 16:41:30,443]  -------------------------- PASSED -------------------------- 
[2023-08-18 16:41:30,465]  -------------------------- PASSED -------------------------- 
[2023-08-18 16:41:30,486]  -------------------------- PASSED -------------------------- 
[2023-08-18 16:41:30,506]  -------------------------- PASSED -------------------------- 
[2023-08-18 16:41:30,527]  -------------------------- PASSED -------------------------- 
[2023-08-18 16:41:30,547]  -------------------------- PASSED -------------------------- 
[2023-08-18 16:41:30,568]  -------------------------- PASSED -------------------------- 
[2023-08-18 16:41:30,589]  -------------------------- PASSED -------------------------- 
[2023-08-18 16:41:30,610]  -------------------------- PASSED -------------------------- 
[2023-08-18 16:41:30,616]  -------------------------- FAILED -------------------------- 
[2023-08-18 16:41:30,638]  -------------------------- PASSED -------------------------- 
[2023-08-18 16:41:30,644]  -------------------------- FAILED -------------------------- 
[2023-08-18 16:41:30,650]  -------------------------- FAILED -------------------------- 
[2023-08-18 16:41:50,662]  -------------------------- PASSED -------------------------- 
[2023-08-18 16:41:50,687]  -------------------------- FAILED -------------------------- 
[2023-08-18 16:41:50,772] OS name = windows 10
[2023-08-18 16:41:50,772] Driver instance name = firefoxdriver: firefox on windows (5f73e4c7-8471-42ff-8ff6-faa1bdfbd1ee)
[2023-08-18 16:54:10,113] Pre-Condition: Go to page
[2023-08-18 16:54:10,113] Run on FIREFOX
[2023-08-18 16:54:13,727] Pre-Condition: Navigate to Login page
[2023-08-18 16:54:14,746] Pre-Condition: Set cookies and reload page
[2023-08-18 16:54:26,285]  -------------------------- PASSED -------------------------- 
[2023-08-18 16:54:27,670]  -------------------------- PASSED -------------------------- 
[2023-08-18 16:54:27,811]  -------------------------- PASSED -------------------------- 
[2023-08-18 16:54:27,945]  -------------------------- PASSED -------------------------- 
[2023-08-18 16:54:28,086]  -------------------------- PASSED -------------------------- 
[2023-08-18 16:54:28,227]  -------------------------- PASSED -------------------------- 
[2023-08-18 16:54:29,761]  -------------------------- PASSED -------------------------- 
[2023-08-18 16:54:29,787]  -------------------------- PASSED -------------------------- 
[2023-08-18 16:54:29,810]  -------------------------- PASSED -------------------------- 
[2023-08-18 16:54:32,335]  -------------------------- PASSED -------------------------- 
[2023-08-18 16:54:38,427]  -------------------------- PASSED -------------------------- 
[2023-08-18 16:54:38,761]  -------------------------- PASSED -------------------------- 
[2023-08-18 16:54:45,635]  -------------------------- FAILED -------------------------- 
[2023-08-18 16:54:45,969]  -------------------------- PASSED -------------------------- 
[2023-08-18 16:54:45,991]  -------------------------- PASSED -------------------------- 
[2023-08-18 16:54:46,016]  -------------------------- PASSED -------------------------- 
[2023-08-18 16:54:46,036]  -------------------------- PASSED -------------------------- 
[2023-08-18 16:54:46,059]  -------------------------- PASSED -------------------------- 
[2023-08-18 16:54:46,082]  -------------------------- PASSED -------------------------- 
[2023-08-18 16:54:46,104]  -------------------------- PASSED -------------------------- 
[2023-08-18 16:54:46,128]  -------------------------- PASSED -------------------------- 
[2023-08-18 16:54:46,149]  -------------------------- PASSED -------------------------- 
[2023-08-18 16:54:46,185]  -------------------------- PASSED -------------------------- 
[2023-08-18 16:54:46,210]  -------------------------- PASSED -------------------------- 
[2023-08-18 16:54:46,231]  -------------------------- PASSED -------------------------- 
[2023-08-18 16:54:46,256]  -------------------------- PASSED -------------------------- 
[2023-08-18 16:54:46,278]  -------------------------- PASSED -------------------------- 
[2023-08-18 16:54:46,298]  -------------------------- PASSED -------------------------- 
[2023-08-18 16:54:46,320]  -------------------------- PASSED -------------------------- 
[2023-08-18 16:54:46,343]  -------------------------- PASSED -------------------------- 
[2023-08-18 16:54:46,368]  -------------------------- PASSED -------------------------- 
[2023-08-18 16:54:46,390]  -------------------------- PASSED -------------------------- 
[2023-08-18 16:54:46,397]  -------------------------- PASSED -------------------------- 
[2023-08-18 16:54:46,403]  -------------------------- PASSED -------------------------- 
[2023-08-18 16:55:06,411]  -------------------------- PASSED -------------------------- 
[2023-08-18 16:55:06,441]  -------------------------- PASSED -------------------------- 
[2023-08-18 16:55:06,520] OS name = windows 10
[2023-08-18 16:55:06,521] Driver instance name = firefoxdriver: firefox on windows (57729a42-8763-4aa3-a655-d6b77ab30cdf)
[2023-08-18 16:57:17,515] Pre-Condition: Go to page
[2023-08-18 16:57:17,515] Run on FIREFOX
[2023-08-18 16:57:21,202] Pre-Condition: Navigate to Login page
[2023-08-18 16:57:22,287] Pre-Condition: Set cookies and reload page
[2023-08-18 16:57:33,944]  -------------------------- PASSED -------------------------- 
[2023-08-18 16:57:35,333]  -------------------------- PASSED -------------------------- 
[2023-08-18 16:57:35,484]  -------------------------- PASSED -------------------------- 
[2023-08-18 16:57:35,631]  -------------------------- PASSED -------------------------- 
[2023-08-18 16:57:35,767]  -------------------------- PASSED -------------------------- 
[2023-08-18 16:57:35,911]  -------------------------- PASSED -------------------------- 
[2023-08-18 16:57:37,773]  -------------------------- PASSED -------------------------- 
[2023-08-18 16:57:37,797]  -------------------------- PASSED -------------------------- 
[2023-08-18 16:57:37,820]  -------------------------- PASSED -------------------------- 
[2023-08-18 16:57:43,654]  -------------------------- PASSED -------------------------- 
[2023-08-18 16:57:53,199]  -------------------------- PASSED -------------------------- 
[2023-08-18 16:57:53,559]  -------------------------- PASSED -------------------------- 
[2023-08-18 16:58:09,909]  -------------------------- FAILED -------------------------- 
[2023-08-18 16:58:10,300]  -------------------------- PASSED -------------------------- 
[2023-08-18 16:58:10,323]  -------------------------- PASSED -------------------------- 
[2023-08-18 16:58:10,346]  -------------------------- PASSED -------------------------- 
[2023-08-18 16:58:10,368]  -------------------------- PASSED -------------------------- 
[2023-08-18 16:58:10,391]  -------------------------- PASSED -------------------------- 
[2023-08-18 16:58:10,412]  -------------------------- PASSED -------------------------- 
[2023-08-18 16:58:10,434]  -------------------------- PASSED -------------------------- 
[2023-08-18 16:58:10,455]  -------------------------- PASSED -------------------------- 
[2023-08-18 16:58:10,478]  -------------------------- PASSED -------------------------- 
[2023-08-18 16:58:10,500]  -------------------------- PASSED -------------------------- 
[2023-08-18 16:58:10,522]  -------------------------- PASSED -------------------------- 
[2023-08-18 16:58:10,543]  -------------------------- PASSED -------------------------- 
[2023-08-18 16:58:10,565]  -------------------------- PASSED -------------------------- 
[2023-08-18 16:58:10,585]  -------------------------- PASSED -------------------------- 
[2023-08-18 16:58:10,606]  -------------------------- PASSED -------------------------- 
[2023-08-18 16:58:10,627]  -------------------------- PASSED -------------------------- 
[2023-08-18 16:58:10,649]  -------------------------- PASSED -------------------------- 
[2023-08-18 16:58:10,670]  -------------------------- PASSED -------------------------- 
[2023-08-18 16:58:10,692]  -------------------------- PASSED -------------------------- 
[2023-08-18 16:58:10,698]  -------------------------- PASSED -------------------------- 
[2023-08-18 16:58:10,704]  -------------------------- PASSED -------------------------- 
[2023-08-18 16:58:30,709]  -------------------------- PASSED -------------------------- 
[2023-08-18 16:58:30,741]  -------------------------- PASSED -------------------------- 
[2023-08-18 16:58:30,849] OS name = windows 10
[2023-08-18 16:58:30,849] Driver instance name = firefoxdriver: firefox on windows (2175cad8-f5a1-4cb8-b3aa-fc5f369e21e0)
[2023-08-18 17:02:57,965] Pre-Condition: Go to page
[2023-08-18 17:02:57,965] Run on FIREFOX
[2023-08-18 17:03:01,673] Pre-Condition: Navigate to Login page
[2023-08-18 17:03:02,708] Pre-Condition: Set cookies and reload page
[2023-08-18 17:03:13,784]  -------------------------- PASSED -------------------------- 
[2023-08-18 17:03:15,172]  -------------------------- PASSED -------------------------- 
[2023-08-18 17:03:15,308]  -------------------------- PASSED -------------------------- 
[2023-08-18 17:03:15,444]  -------------------------- PASSED -------------------------- 
[2023-08-18 17:03:15,589]  -------------------------- PASSED -------------------------- 
[2023-08-18 17:03:15,734]  -------------------------- PASSED -------------------------- 
[2023-08-18 17:03:17,373]  -------------------------- PASSED -------------------------- 
[2023-08-18 17:03:17,397]  -------------------------- PASSED -------------------------- 
[2023-08-18 17:03:17,417]  -------------------------- PASSED -------------------------- 
[2023-08-18 17:03:19,928]  -------------------------- PASSED -------------------------- 
[2023-08-18 17:03:26,107]  -------------------------- PASSED -------------------------- 
[2023-08-18 17:03:26,446]  -------------------------- PASSED -------------------------- 
[2023-08-18 17:03:31,997]  -------------------------- FAILED -------------------------- 
[2023-08-18 17:03:32,323]  -------------------------- PASSED -------------------------- 
[2023-08-18 17:03:32,356]  -------------------------- PASSED -------------------------- 
[2023-08-18 17:03:32,387]  -------------------------- PASSED -------------------------- 
[2023-08-18 17:03:32,417]  -------------------------- PASSED -------------------------- 
[2023-08-18 17:03:32,440]  -------------------------- PASSED -------------------------- 
[2023-08-18 17:03:32,466]  -------------------------- PASSED -------------------------- 
[2023-08-18 17:03:32,491]  -------------------------- PASSED -------------------------- 
[2023-08-18 17:03:32,515]  -------------------------- PASSED -------------------------- 
[2023-08-18 17:03:32,535]  -------------------------- PASSED -------------------------- 
[2023-08-18 17:03:32,556]  -------------------------- PASSED -------------------------- 
[2023-08-18 17:03:32,578]  -------------------------- PASSED -------------------------- 
[2023-08-18 17:03:32,598]  -------------------------- PASSED -------------------------- 
[2023-08-18 17:03:32,620]  -------------------------- PASSED -------------------------- 
[2023-08-18 17:03:32,643]  -------------------------- PASSED -------------------------- 
[2023-08-18 17:03:32,663]  -------------------------- PASSED -------------------------- 
[2023-08-18 17:03:32,684]  -------------------------- PASSED -------------------------- 
[2023-08-18 17:03:32,705]  -------------------------- PASSED -------------------------- 
[2023-08-18 17:03:32,726]  -------------------------- PASSED -------------------------- 
[2023-08-18 17:03:32,749]  -------------------------- PASSED -------------------------- 
[2023-08-18 17:03:32,757]  -------------------------- PASSED -------------------------- 
[2023-08-18 17:03:32,763]  -------------------------- PASSED -------------------------- 
[2023-08-18 17:03:52,769]  -------------------------- PASSED -------------------------- 
[2023-08-18 17:03:52,805]  -------------------------- PASSED -------------------------- 
[2023-08-18 17:03:52,891] OS name = windows 10
[2023-08-18 17:03:52,892] Driver instance name = firefoxdriver: firefox on windows (0db6f204-8f16-481e-bfd5-290d27eecb8d)
[2023-08-18 17:16:57,540] Pre-Condition: Go to page
[2023-08-18 17:16:57,541] Run on FIREFOX
[2023-08-18 17:17:01,265] Pre-Condition: Navigate to Login page
[2023-08-18 17:17:02,295] Pre-Condition: Set cookies and reload page
[2023-08-18 17:17:14,654]  -------------------------- PASSED -------------------------- 
[2023-08-18 17:17:16,043]  -------------------------- PASSED -------------------------- 
[2023-08-18 17:17:16,187]  -------------------------- PASSED -------------------------- 
[2023-08-18 17:17:16,325]  -------------------------- PASSED -------------------------- 
[2023-08-18 17:17:16,466]  -------------------------- PASSED -------------------------- 
[2023-08-18 17:17:16,627]  -------------------------- PASSED -------------------------- 
[2023-08-18 17:17:19,114]  -------------------------- PASSED -------------------------- 
[2023-08-18 17:17:19,139]  -------------------------- PASSED -------------------------- 
[2023-08-18 17:17:19,161]  -------------------------- PASSED -------------------------- 
[2023-08-18 17:17:49,847]  -------------------------- PASSED -------------------------- 
[2023-08-18 17:18:10,187] OS name = windows 10
[2023-08-18 17:18:10,187] Driver instance name = firefoxdriver: firefox on windows (73b5e619-2952-46a0-aea2-ed13745bd66e)
[2023-08-18 17:20:49,421] Pre-Condition: Go to page
[2023-08-18 17:20:49,421] Run on FIREFOX
[2023-08-18 17:20:53,383] Pre-Condition: Navigate to Login page
[2023-08-18 17:20:55,074] Pre-Condition: Set cookies and reload page
[2023-08-18 17:21:09,232]  -------------------------- PASSED -------------------------- 
[2023-08-18 17:21:10,632]  -------------------------- PASSED -------------------------- 
[2023-08-18 17:21:10,782]  -------------------------- PASSED -------------------------- 
[2023-08-18 17:21:10,924]  -------------------------- PASSED -------------------------- 
[2023-08-18 17:21:11,057]  -------------------------- PASSED -------------------------- 
[2023-08-18 17:21:11,192]  -------------------------- PASSED -------------------------- 
[2023-08-18 17:21:14,292]  -------------------------- PASSED -------------------------- 
[2023-08-18 17:21:14,316]  -------------------------- PASSED -------------------------- 
[2023-08-18 17:21:14,339]  -------------------------- PASSED -------------------------- 
[2023-08-18 17:21:17,741]  -------------------------- PASSED -------------------------- 
[2023-08-18 17:21:26,572]  -------------------------- PASSED -------------------------- 
[2023-08-18 17:21:27,365]  -------------------------- PASSED -------------------------- 
[2023-08-18 17:21:36,783]  -------------------------- FAILED -------------------------- 
[2023-08-18 17:21:37,501]  -------------------------- PASSED -------------------------- 
[2023-08-18 17:21:37,523]  -------------------------- PASSED -------------------------- 
[2023-08-18 17:21:37,545]  -------------------------- PASSED -------------------------- 
[2023-08-18 17:21:37,567]  -------------------------- PASSED -------------------------- 
[2023-08-18 17:21:37,589]  -------------------------- PASSED -------------------------- 
[2023-08-18 17:21:37,611]  -------------------------- PASSED -------------------------- 
[2023-08-18 17:21:37,632]  -------------------------- PASSED -------------------------- 
[2023-08-18 17:21:37,654]  -------------------------- PASSED -------------------------- 
[2023-08-18 17:21:37,675]  -------------------------- PASSED -------------------------- 
[2023-08-18 17:21:37,696]  -------------------------- PASSED -------------------------- 
[2023-08-18 17:21:37,716]  -------------------------- PASSED -------------------------- 
[2023-08-18 17:21:37,737]  -------------------------- PASSED -------------------------- 
[2023-08-18 17:21:37,759]  -------------------------- PASSED -------------------------- 
[2023-08-18 17:21:37,779]  -------------------------- PASSED -------------------------- 
[2023-08-18 17:21:37,800]  -------------------------- PASSED -------------------------- 
[2023-08-18 17:21:37,826]  -------------------------- PASSED -------------------------- 
[2023-08-18 17:21:37,852]  -------------------------- PASSED -------------------------- 
[2023-08-18 17:21:37,876]  -------------------------- PASSED -------------------------- 
[2023-08-18 17:21:37,898]  -------------------------- PASSED -------------------------- 
[2023-08-18 17:21:37,905]  -------------------------- PASSED -------------------------- 
[2023-08-18 17:21:37,911]  -------------------------- PASSED -------------------------- 
[2023-08-18 17:21:57,920]  -------------------------- PASSED -------------------------- 
[2023-08-18 17:21:57,947]  -------------------------- PASSED -------------------------- 
[2023-08-18 17:21:58,033] OS name = windows 10
[2023-08-18 17:21:58,033] Driver instance name = firefoxdriver: firefox on windows (02d8e0ee-6b37-4422-b458-22997ac02280)
[2023-08-18 17:23:38,873] Pre-Condition: Go to page
[2023-08-18 17:23:38,873] Run on FIREFOX
[2023-08-18 17:23:42,757] Pre-Condition: Navigate to Login page
[2023-08-18 17:23:43,737] Pre-Condition: Set cookies and reload page
[2023-08-18 17:24:02,182]  -------------------------- PASSED -------------------------- 
[2023-08-18 17:24:03,584]  -------------------------- PASSED -------------------------- 
[2023-08-18 17:24:03,727]  -------------------------- PASSED -------------------------- 
[2023-08-18 17:24:03,864]  -------------------------- PASSED -------------------------- 
[2023-08-18 17:24:03,998]  -------------------------- PASSED -------------------------- 
[2023-08-18 17:24:04,147]  -------------------------- PASSED -------------------------- 
[2023-08-18 17:24:06,540]  -------------------------- PASSED -------------------------- 
[2023-08-18 17:24:06,569]  -------------------------- PASSED -------------------------- 
[2023-08-18 17:24:06,591]  -------------------------- PASSED -------------------------- 
[2023-08-18 17:24:10,936]  -------------------------- PASSED -------------------------- 
[2023-08-18 17:24:22,399]  -------------------------- PASSED -------------------------- 
[2023-08-18 17:24:23,075]  -------------------------- PASSED -------------------------- 
[2023-08-18 17:24:30,527]  -------------------------- FAILED -------------------------- 
[2023-08-18 17:24:31,279]  -------------------------- PASSED -------------------------- 
[2023-08-18 17:24:31,304]  -------------------------- PASSED -------------------------- 
[2023-08-18 17:24:31,326]  -------------------------- PASSED -------------------------- 
[2023-08-18 17:24:31,347]  -------------------------- PASSED -------------------------- 
[2023-08-18 17:24:31,369]  -------------------------- PASSED -------------------------- 
[2023-08-18 17:24:31,389]  -------------------------- PASSED -------------------------- 
[2023-08-18 17:24:31,413]  -------------------------- PASSED -------------------------- 
[2023-08-18 17:24:31,433]  -------------------------- PASSED -------------------------- 
[2023-08-18 17:24:31,459]  -------------------------- PASSED -------------------------- 
[2023-08-18 17:24:31,480]  -------------------------- PASSED -------------------------- 
[2023-08-18 17:24:31,507]  -------------------------- PASSED -------------------------- 
[2023-08-18 17:24:31,530]  -------------------------- PASSED -------------------------- 
[2023-08-18 17:24:31,555]  -------------------------- PASSED -------------------------- 
[2023-08-18 17:24:31,577]  -------------------------- PASSED -------------------------- 
[2023-08-18 17:24:31,597]  -------------------------- PASSED -------------------------- 
[2023-08-18 17:24:31,619]  -------------------------- PASSED -------------------------- 
[2023-08-18 17:24:31,640]  -------------------------- PASSED -------------------------- 
[2023-08-18 17:24:31,660]  -------------------------- PASSED -------------------------- 
[2023-08-18 17:24:31,680]  -------------------------- PASSED -------------------------- 
[2023-08-18 17:24:31,687]  -------------------------- PASSED -------------------------- 
[2023-08-18 17:24:31,693]  -------------------------- PASSED -------------------------- 
[2023-08-18 17:24:51,705]  -------------------------- PASSED -------------------------- 
[2023-08-18 17:24:51,733]  -------------------------- PASSED -------------------------- 
[2023-08-18 17:24:51,825] OS name = windows 10
[2023-08-18 17:24:51,826] Driver instance name = firefoxdriver: firefox on windows (15639582-15ba-44fc-91c7-ce08a21fdcb0)
[2023-08-18 17:27:03,607] Pre-Condition: Go to page
[2023-08-18 17:27:03,607] Run on FIREFOX
[2023-08-18 17:27:07,344] Pre-Condition: Navigate to Login page
[2023-08-18 17:27:09,549] Pre-Condition: Set cookies and reload page
[2023-08-18 17:27:21,187]  -------------------------- PASSED -------------------------- 
[2023-08-18 17:27:22,584]  -------------------------- PASSED -------------------------- 
[2023-08-18 17:27:22,731]  -------------------------- PASSED -------------------------- 
[2023-08-18 17:27:22,867]  -------------------------- PASSED -------------------------- 
[2023-08-18 17:27:23,010]  -------------------------- PASSED -------------------------- 
[2023-08-18 17:27:23,165]  -------------------------- PASSED -------------------------- 
[2023-08-18 17:27:24,816]  -------------------------- PASSED -------------------------- 
[2023-08-18 17:27:24,841]  -------------------------- PASSED -------------------------- 
[2023-08-18 17:27:24,864]  -------------------------- PASSED -------------------------- 
[2023-08-18 17:27:27,720]  -------------------------- PASSED -------------------------- 
[2023-08-18 17:27:36,305]  -------------------------- PASSED -------------------------- 
[2023-08-18 17:27:36,997] OS name = windows 10
[2023-08-18 17:27:36,997] Driver instance name = firefoxdriver: firefox on windows (23f5df1d-a5a9-4462-8b82-6733de3b71a1)
[2023-08-18 17:31:02,857] Pre-Condition: Go to page
[2023-08-18 17:31:02,858] Run on FIREFOX
[2023-08-18 17:31:09,795] Pre-Condition: Navigate to Login page
[2023-08-18 17:31:10,889] Pre-Condition: Set cookies and reload page
[2023-08-18 17:31:23,927]  -------------------------- PASSED -------------------------- 
[2023-08-18 17:31:25,322]  -------------------------- PASSED -------------------------- 
[2023-08-18 17:31:25,473]  -------------------------- PASSED -------------------------- 
[2023-08-18 17:31:25,646]  -------------------------- PASSED -------------------------- 
[2023-08-18 17:31:25,795]  -------------------------- PASSED -------------------------- 
[2023-08-18 17:31:25,936]  -------------------------- PASSED -------------------------- 
[2023-08-18 17:31:26,292] OS name = windows 10
[2023-08-18 17:31:26,292] Driver instance name = firefoxdriver: firefox on windows (7d0f5596-a1ad-4631-9e05-085ce2a1febd)
[2023-08-18 17:32:31,073] Pre-Condition: Go to page
[2023-08-18 17:32:31,073] Run on FIREFOX
[2023-08-18 17:32:35,785] Pre-Condition: Navigate to Login page
[2023-08-18 17:32:36,781] Pre-Condition: Set cookies and reload page
[2023-08-18 17:32:54,293]  -------------------------- PASSED -------------------------- 
[2023-08-18 17:32:55,695]  -------------------------- PASSED -------------------------- 
[2023-08-18 17:32:55,841]  -------------------------- PASSED -------------------------- 
[2023-08-18 17:32:55,981]  -------------------------- PASSED -------------------------- 
[2023-08-18 17:32:56,116]  -------------------------- PASSED -------------------------- 
[2023-08-18 17:32:56,262]  -------------------------- PASSED -------------------------- 
[2023-08-18 17:32:58,240]  -------------------------- PASSED -------------------------- 
[2023-08-18 17:32:58,267]  -------------------------- PASSED -------------------------- 
[2023-08-18 17:32:58,290]  -------------------------- PASSED -------------------------- 
[2023-08-18 17:33:02,509]  -------------------------- PASSED -------------------------- 
[2023-08-18 17:33:13,472]  -------------------------- PASSED -------------------------- 
[2023-08-18 17:33:14,763]  -------------------------- PASSED -------------------------- 
[2023-08-18 17:33:21,061]  -------------------------- FAILED -------------------------- 
[2023-08-18 17:33:21,453]  -------------------------- PASSED -------------------------- 
[2023-08-18 17:33:21,474]  -------------------------- PASSED -------------------------- 
[2023-08-18 17:33:21,496]  -------------------------- PASSED -------------------------- 
[2023-08-18 17:33:21,518]  -------------------------- PASSED -------------------------- 
[2023-08-18 17:33:21,538]  -------------------------- PASSED -------------------------- 
[2023-08-18 17:33:21,559]  -------------------------- PASSED -------------------------- 
[2023-08-18 17:33:21,580]  -------------------------- PASSED -------------------------- 
[2023-08-18 17:33:21,602]  -------------------------- PASSED -------------------------- 
[2023-08-18 17:33:21,623]  -------------------------- PASSED -------------------------- 
[2023-08-18 17:33:21,645]  -------------------------- PASSED -------------------------- 
[2023-08-18 17:33:21,665]  -------------------------- PASSED -------------------------- 
[2023-08-18 17:33:21,685]  -------------------------- PASSED -------------------------- 
[2023-08-18 17:33:21,706]  -------------------------- PASSED -------------------------- 
[2023-08-18 17:33:21,728]  -------------------------- PASSED -------------------------- 
[2023-08-18 17:33:21,750]  -------------------------- PASSED -------------------------- 
[2023-08-18 17:33:21,773]  -------------------------- PASSED -------------------------- 
[2023-08-18 17:33:21,795]  -------------------------- PASSED -------------------------- 
[2023-08-18 17:33:21,816]  -------------------------- PASSED -------------------------- 
[2023-08-18 17:33:21,839]  -------------------------- PASSED -------------------------- 
[2023-08-18 17:33:21,846]  -------------------------- PASSED -------------------------- 
[2023-08-18 17:33:21,852]  -------------------------- PASSED -------------------------- 
[2023-08-18 17:33:41,859]  -------------------------- PASSED -------------------------- 
[2023-08-18 17:33:41,886]  -------------------------- PASSED -------------------------- 
[2023-08-18 17:33:41,909]  -------------------------- PASSED -------------------------- 
[2023-08-18 17:34:02,008] OS name = windows 10
[2023-08-18 17:34:02,008] Driver instance name = firefoxdriver: firefox on windows (1077d40a-be74-4cfb-b976-9bcd45adf19f)
[2023-08-18 17:36:42,909] Pre-Condition: Go to page
[2023-08-18 17:36:42,909] Run on FIREFOX
[2023-08-18 17:36:46,831] Pre-Condition: Navigate to Login page
[2023-08-18 17:36:51,052] Pre-Condition: Set cookies and reload page
[2023-08-18 17:37:17,870]  -------------------------- PASSED -------------------------- 
[2023-08-18 17:37:19,272]  -------------------------- PASSED -------------------------- 
[2023-08-18 17:37:19,411]  -------------------------- PASSED -------------------------- 
[2023-08-18 17:37:19,553]  -------------------------- PASSED -------------------------- 
[2023-08-18 17:37:19,705]  -------------------------- PASSED -------------------------- 
[2023-08-18 17:37:19,866]  -------------------------- PASSED -------------------------- 
[2023-08-18 17:37:22,336]  -------------------------- PASSED -------------------------- 
[2023-08-18 17:37:22,362]  -------------------------- PASSED -------------------------- 
[2023-08-18 17:37:22,387]  -------------------------- PASSED -------------------------- 
[2023-08-18 17:37:28,690]  -------------------------- PASSED -------------------------- 
[2023-08-18 17:37:42,938]  -------------------------- FAILED -------------------------- 
[2023-08-18 17:38:04,285] OS name = windows 10
[2023-08-18 17:38:04,285] Driver instance name = firefoxdriver: firefox on windows (a3bd0f9e-c6bb-4908-b54c-22b6ae8ee1b3)
[2023-08-18 17:40:27,302] Pre-Condition: Go to page
[2023-08-18 17:40:27,303] Run on FIREFOX
[2023-08-18 17:40:37,422] Pre-Condition: Navigate to Login page
[2023-08-18 17:40:39,891] Pre-Condition: Set cookies and reload page
[2023-08-18 17:40:53,519]  -------------------------- PASSED -------------------------- 
[2023-08-18 17:40:54,911]  -------------------------- PASSED -------------------------- 
[2023-08-18 17:40:55,049]  -------------------------- PASSED -------------------------- 
[2023-08-18 17:40:55,186]  -------------------------- PASSED -------------------------- 
[2023-08-18 17:40:55,333]  -------------------------- PASSED -------------------------- 
[2023-08-18 17:40:55,483]  -------------------------- PASSED -------------------------- 
[2023-08-18 17:40:58,786]  -------------------------- PASSED -------------------------- 
[2023-08-18 17:40:58,814]  -------------------------- PASSED -------------------------- 
[2023-08-18 17:40:58,840]  -------------------------- PASSED -------------------------- 
[2023-08-18 17:41:02,396]  -------------------------- PASSED -------------------------- 
[2023-08-18 17:41:13,097]  -------------------------- PASSED -------------------------- 
[2023-08-18 17:41:14,387]  -------------------------- PASSED -------------------------- 
[2023-08-18 17:41:27,199]  -------------------------- FAILED -------------------------- 
[2023-08-18 17:41:28,336]  -------------------------- PASSED -------------------------- 
[2023-08-18 17:41:28,359]  -------------------------- PASSED -------------------------- 
[2023-08-18 17:41:28,518]  -------------------------- PASSED -------------------------- 
[2023-08-18 17:41:28,538]  -------------------------- PASSED -------------------------- 
[2023-08-18 17:41:28,557]  -------------------------- PASSED -------------------------- 
[2023-08-18 17:41:28,577]  -------------------------- PASSED -------------------------- 
[2023-08-18 17:41:28,597]  -------------------------- PASSED -------------------------- 
[2023-08-18 17:41:28,618]  -------------------------- PASSED -------------------------- 
[2023-08-18 17:41:28,640]  -------------------------- PASSED -------------------------- 
[2023-08-18 17:41:28,661]  -------------------------- PASSED -------------------------- 
[2023-08-18 17:41:28,681]  -------------------------- PASSED -------------------------- 
[2023-08-18 17:41:28,705]  -------------------------- PASSED -------------------------- 
[2023-08-18 17:41:28,726]  -------------------------- PASSED -------------------------- 
[2023-08-18 17:41:28,748]  -------------------------- PASSED -------------------------- 
[2023-08-18 17:41:28,769]  -------------------------- PASSED -------------------------- 
[2023-08-18 17:41:28,791]  -------------------------- PASSED -------------------------- 
[2023-08-18 17:41:28,811]  -------------------------- PASSED -------------------------- 
[2023-08-18 17:41:28,832]  -------------------------- PASSED -------------------------- 
[2023-08-18 17:41:28,854]  -------------------------- PASSED -------------------------- 
[2023-08-18 17:41:28,860]  -------------------------- PASSED -------------------------- 
[2023-08-18 17:41:28,867]  -------------------------- PASSED -------------------------- 
[2023-08-18 17:41:48,879]  -------------------------- PASSED -------------------------- 
[2023-08-18 17:41:48,914]  -------------------------- PASSED -------------------------- 
[2023-08-18 17:41:48,937]  -------------------------- PASSED -------------------------- 
[2023-08-18 17:41:48,963]  -------------------------- PASSED -------------------------- 
[2023-08-18 17:41:48,990]  -------------------------- PASSED -------------------------- 
[2023-08-18 17:41:49,014]  -------------------------- PASSED -------------------------- 
[2023-08-18 17:41:49,036]  -------------------------- FAILED -------------------------- 
[2023-08-18 17:41:52,840]  -------------------------- PASSED -------------------------- 
[2023-08-18 17:41:55,224]  -------------------------- FAILED -------------------------- 
[2023-08-18 17:41:55,788]  -------------------------- FAILED -------------------------- 
[2023-08-18 17:41:55,808]  -------------------------- FAILED -------------------------- 
[2023-08-18 17:41:55,829]  -------------------------- PASSED -------------------------- 
[2023-08-18 17:41:55,920] OS name = windows 10
[2023-08-18 17:41:55,920] Driver instance name = firefoxdriver: firefox on windows (3edbddcc-1c7f-4e6f-a60d-67a000a63491)
[2023-08-18 17:45:03,093] Pre-Condition: Go to page
[2023-08-18 17:45:03,096] Run on FIREFOX
[2023-08-18 17:45:06,747] Pre-Condition: Navigate to Login page
[2023-08-18 17:45:08,099] Pre-Condition: Set cookies and reload page
[2023-08-18 17:45:26,365]  -------------------------- PASSED -------------------------- 
[2023-08-18 17:45:27,758]  -------------------------- PASSED -------------------------- 
[2023-08-18 17:45:27,898]  -------------------------- PASSED -------------------------- 
[2023-08-18 17:45:28,040]  -------------------------- PASSED -------------------------- 
[2023-08-18 17:45:28,197]  -------------------------- PASSED -------------------------- 
[2023-08-18 17:45:28,329]  -------------------------- PASSED -------------------------- 
[2023-08-18 17:45:29,890]  -------------------------- PASSED -------------------------- 
[2023-08-18 17:45:29,913]  -------------------------- PASSED -------------------------- 
[2023-08-18 17:45:29,936]  -------------------------- PASSED -------------------------- 
[2023-08-18 17:45:35,655]  -------------------------- PASSED -------------------------- 
[2023-08-18 17:45:44,264]  -------------------------- PASSED -------------------------- 
[2023-08-18 17:45:45,554]  -------------------------- PASSED -------------------------- 
[2023-08-18 17:45:54,212]  -------------------------- FAILED -------------------------- 
[2023-08-18 17:45:54,719]  -------------------------- PASSED -------------------------- 
[2023-08-18 17:45:54,741]  -------------------------- PASSED -------------------------- 
[2023-08-18 17:45:54,763]  -------------------------- PASSED -------------------------- 
[2023-08-18 17:45:54,784]  -------------------------- PASSED -------------------------- 
[2023-08-18 17:45:54,804]  -------------------------- PASSED -------------------------- 
[2023-08-18 17:45:54,827]  -------------------------- PASSED -------------------------- 
[2023-08-18 17:45:54,848]  -------------------------- PASSED -------------------------- 
[2023-08-18 17:45:54,868]  -------------------------- PASSED -------------------------- 
[2023-08-18 17:45:54,889]  -------------------------- PASSED -------------------------- 
[2023-08-18 17:45:54,910]  -------------------------- PASSED -------------------------- 
[2023-08-18 17:45:54,932]  -------------------------- PASSED -------------------------- 
[2023-08-18 17:45:54,954]  -------------------------- PASSED -------------------------- 
[2023-08-18 17:45:54,977]  -------------------------- PASSED -------------------------- 
[2023-08-18 17:45:54,999]  -------------------------- PASSED -------------------------- 
[2023-08-18 17:45:55,020]  -------------------------- PASSED -------------------------- 
[2023-08-18 17:45:55,045]  -------------------------- PASSED -------------------------- 
[2023-08-18 17:45:55,067]  -------------------------- PASSED -------------------------- 
[2023-08-18 17:45:55,089]  -------------------------- PASSED -------------------------- 
[2023-08-18 17:45:55,110]  -------------------------- PASSED -------------------------- 
[2023-08-18 17:45:55,117]  -------------------------- PASSED -------------------------- 
[2023-08-18 17:45:55,123]  -------------------------- PASSED -------------------------- 
[2023-08-18 17:46:15,133]  -------------------------- PASSED -------------------------- 
[2023-08-18 17:46:15,163]  -------------------------- PASSED -------------------------- 
[2023-08-18 17:46:15,185]  -------------------------- PASSED -------------------------- 
[2023-08-18 17:46:15,207]  -------------------------- PASSED -------------------------- 
[2023-08-18 17:46:15,229]  -------------------------- PASSED -------------------------- 
[2023-08-18 17:46:15,251]  -------------------------- PASSED -------------------------- 
[2023-08-18 17:46:15,274]  -------------------------- FAILED -------------------------- 
[2023-08-18 17:46:17,573]  -------------------------- PASSED -------------------------- 
[2023-08-18 17:46:21,473]  -------------------------- FAILED -------------------------- 
[2023-08-18 17:46:23,220]  -------------------------- FAILED -------------------------- 
[2023-08-18 17:46:23,244]  -------------------------- FAILED -------------------------- 
[2023-08-18 17:46:23,265]  -------------------------- PASSED -------------------------- 
[2023-08-18 17:46:23,287]  -------------------------- PASSED -------------------------- 
[2023-08-18 17:46:23,309]  -------------------------- PASSED -------------------------- 
[2023-08-18 17:46:23,335]  -------------------------- PASSED -------------------------- 
[2023-08-18 17:46:23,356]  -------------------------- PASSED -------------------------- 
[2023-08-18 17:46:23,376]  -------------------------- PASSED -------------------------- 
[2023-08-18 17:46:23,397]  -------------------------- PASSED -------------------------- 
[2023-08-18 17:46:23,419]  -------------------------- PASSED -------------------------- 
[2023-08-18 17:46:23,442]  -------------------------- PASSED -------------------------- 
[2023-08-18 17:46:23,462]  -------------------------- PASSED -------------------------- 
[2023-08-18 17:46:23,488]  -------------------------- PASSED -------------------------- 
[2023-08-18 17:46:23,508]  -------------------------- PASSED -------------------------- 
[2023-08-18 17:46:23,531]  -------------------------- PASSED -------------------------- 
[2023-08-18 17:46:23,550]  -------------------------- PASSED -------------------------- 
[2023-08-18 17:46:23,571]  -------------------------- PASSED -------------------------- 
[2023-08-18 17:46:23,596]  -------------------------- PASSED -------------------------- 
[2023-08-18 17:46:23,616]  -------------------------- PASSED -------------------------- 
[2023-08-18 17:46:23,636]  -------------------------- PASSED -------------------------- 
[2023-08-18 17:46:23,656]  -------------------------- PASSED -------------------------- 
[2023-08-18 17:46:23,677]  -------------------------- PASSED -------------------------- 
[2023-08-18 17:46:43,759] OS name = windows 10
[2023-08-18 17:46:43,759] Driver instance name = firefoxdriver: firefox on windows (e14f65ea-aa1a-4889-ac74-16523d51feea)
[2023-08-18 22:29:42,997] Pre-Condition: Go to page
[2023-08-18 22:29:42,997] Run on FIREFOX
[2023-08-18 22:29:46,912] Pre-Condition: Navigate to Login page
[2023-08-18 22:29:47,956] Pre-Condition: Set cookies and reload page
[2023-08-18 22:30:02,645]  -------------------------- PASSED -------------------------- 
[2023-08-18 22:30:04,058]  -------------------------- PASSED -------------------------- 
[2023-08-18 22:30:04,197]  -------------------------- PASSED -------------------------- 
[2023-08-18 22:30:04,347]  -------------------------- PASSED -------------------------- 
[2023-08-18 22:30:04,512]  -------------------------- PASSED -------------------------- 
[2023-08-18 22:30:04,650]  -------------------------- PASSED -------------------------- 
[2023-08-18 22:30:06,455]  -------------------------- PASSED -------------------------- 
[2023-08-18 22:30:06,480]  -------------------------- PASSED -------------------------- 
[2023-08-18 22:30:06,504]  -------------------------- PASSED -------------------------- 
[2023-08-18 22:30:09,002]  -------------------------- PASSED -------------------------- 
[2023-08-18 22:30:15,098]  -------------------------- PASSED -------------------------- 
[2023-08-18 22:30:16,383]  -------------------------- PASSED -------------------------- 
[2023-08-18 22:30:23,231]  -------------------------- FAILED -------------------------- 
[2023-08-18 22:30:23,553]  -------------------------- PASSED -------------------------- 
[2023-08-18 22:30:23,579]  -------------------------- PASSED -------------------------- 
[2023-08-18 22:30:23,602]  -------------------------- PASSED -------------------------- 
[2023-08-18 22:30:23,624]  -------------------------- PASSED -------------------------- 
[2023-08-18 22:30:23,649]  -------------------------- PASSED -------------------------- 
[2023-08-18 22:30:23,672]  -------------------------- PASSED -------------------------- 
[2023-08-18 22:30:23,696]  -------------------------- PASSED -------------------------- 
[2023-08-18 22:30:23,721]  -------------------------- PASSED -------------------------- 
[2023-08-18 22:30:23,744]  -------------------------- PASSED -------------------------- 
[2023-08-18 22:30:23,768]  -------------------------- PASSED -------------------------- 
[2023-08-18 22:30:23,791]  -------------------------- PASSED -------------------------- 
[2023-08-18 22:30:23,812]  -------------------------- PASSED -------------------------- 
[2023-08-18 22:30:23,839]  -------------------------- PASSED -------------------------- 
[2023-08-18 22:30:23,860]  -------------------------- PASSED -------------------------- 
[2023-08-18 22:30:23,881]  -------------------------- PASSED -------------------------- 
[2023-08-18 22:30:23,903]  -------------------------- PASSED -------------------------- 
[2023-08-18 22:30:23,923]  -------------------------- PASSED -------------------------- 
[2023-08-18 22:30:23,946]  -------------------------- PASSED -------------------------- 
[2023-08-18 22:30:23,967]  -------------------------- PASSED -------------------------- 
[2023-08-18 22:30:23,973]  -------------------------- PASSED -------------------------- 
[2023-08-18 22:30:23,978]  -------------------------- PASSED -------------------------- 
[2023-08-18 22:30:43,995]  -------------------------- PASSED -------------------------- 
[2023-08-18 22:30:44,174]  -------------------------- PASSED -------------------------- 
[2023-08-18 22:30:44,230]  -------------------------- PASSED -------------------------- 
[2023-08-18 22:30:44,251]  -------------------------- PASSED -------------------------- 
[2023-08-18 22:30:44,271]  -------------------------- PASSED -------------------------- 
[2023-08-18 22:30:44,294]  -------------------------- PASSED -------------------------- 
[2023-08-18 22:30:44,315]  -------------------------- FAILED -------------------------- 
[2023-08-18 22:30:45,177]  -------------------------- PASSED -------------------------- 
[2023-08-18 22:30:46,354]  -------------------------- FAILED -------------------------- 
[2023-08-18 22:30:46,765]  -------------------------- FAILED -------------------------- 
[2023-08-18 22:30:46,786]  -------------------------- FAILED -------------------------- 
[2023-08-18 22:30:46,807]  -------------------------- PASSED -------------------------- 
[2023-08-18 22:30:46,828]  -------------------------- PASSED -------------------------- 
[2023-08-18 22:30:46,851]  -------------------------- PASSED -------------------------- 
[2023-08-18 22:30:46,875]  -------------------------- PASSED -------------------------- 
[2023-08-18 22:30:46,899]  -------------------------- PASSED -------------------------- 
[2023-08-18 22:30:46,922]  -------------------------- PASSED -------------------------- 
[2023-08-18 22:30:46,944]  -------------------------- PASSED -------------------------- 
[2023-08-18 22:30:46,970]  -------------------------- PASSED -------------------------- 
[2023-08-18 22:30:46,993]  -------------------------- PASSED -------------------------- 
[2023-08-18 22:30:47,014]  -------------------------- PASSED -------------------------- 
[2023-08-18 22:30:47,035]  -------------------------- PASSED -------------------------- 
[2023-08-18 22:30:47,057]  -------------------------- PASSED -------------------------- 
[2023-08-18 22:30:47,077]  -------------------------- PASSED -------------------------- 
[2023-08-18 22:30:47,099]  -------------------------- PASSED -------------------------- 
[2023-08-18 22:30:47,118]  -------------------------- PASSED -------------------------- 
[2023-08-18 22:30:47,138]  -------------------------- PASSED -------------------------- 
[2023-08-18 22:30:47,158]  -------------------------- PASSED -------------------------- 
[2023-08-18 22:30:47,180]  -------------------------- PASSED -------------------------- 
[2023-08-18 22:30:47,204]  -------------------------- PASSED -------------------------- 
[2023-08-18 22:30:47,227]  -------------------------- PASSED -------------------------- 
[2023-08-18 22:30:47,250]  -------------------------- PASSED -------------------------- 
[2023-08-18 22:30:47,256]  -------------------------- PASSED -------------------------- 
[2023-08-18 22:30:47,261]  -------------------------- PASSED -------------------------- 
[2023-08-18 22:31:07,274]  -------------------------- PASSED -------------------------- 
[2023-08-18 22:31:27,360] OS name = windows 10
[2023-08-18 22:31:27,360] Driver instance name = firefoxdriver: firefox on windows (b94c6143-dc01-40d7-9cef-06d4d940b908)
[2023-08-18 22:44:06,317] Pre-Condition: Go to page
[2023-08-18 22:44:06,317] Run on FIREFOX
[2023-08-18 22:44:09,985] Pre-Condition: Navigate to Login page
[2023-08-18 22:44:11,062] Pre-Condition: Set cookies and reload page
[2023-08-18 22:44:23,046]  -------------------------- PASSED -------------------------- 
[2023-08-18 22:44:24,441]  -------------------------- PASSED -------------------------- 
[2023-08-18 22:44:24,580]  -------------------------- PASSED -------------------------- 
[2023-08-18 22:44:24,720]  -------------------------- PASSED -------------------------- 
[2023-08-18 22:44:24,859]  -------------------------- PASSED -------------------------- 
[2023-08-18 22:44:24,998]  -------------------------- PASSED -------------------------- 
[2023-08-18 22:44:26,898]  -------------------------- PASSED -------------------------- 
[2023-08-18 22:44:26,923]  -------------------------- PASSED -------------------------- 
[2023-08-18 22:44:26,946]  -------------------------- PASSED -------------------------- 
[2023-08-18 22:44:29,437]  -------------------------- PASSED -------------------------- 
[2023-08-18 22:44:35,781]  -------------------------- PASSED -------------------------- 
[2023-08-18 22:44:37,079]  -------------------------- PASSED -------------------------- 
[2023-08-18 22:44:42,887]  -------------------------- FAILED -------------------------- 
[2023-08-18 22:44:43,249]  -------------------------- PASSED -------------------------- 
[2023-08-18 22:44:43,272]  -------------------------- PASSED -------------------------- 
[2023-08-18 22:44:43,294]  -------------------------- PASSED -------------------------- 
[2023-08-18 22:44:43,316]  -------------------------- PASSED -------------------------- 
[2023-08-18 22:44:43,341]  -------------------------- PASSED -------------------------- 
[2023-08-18 22:44:43,365]  -------------------------- PASSED -------------------------- 
[2023-08-18 22:44:43,386]  -------------------------- PASSED -------------------------- 
[2023-08-18 22:44:43,412]  -------------------------- PASSED -------------------------- 
[2023-08-18 22:44:43,439]  -------------------------- PASSED -------------------------- 
[2023-08-18 22:44:43,463]  -------------------------- PASSED -------------------------- 
[2023-08-18 22:44:43,486]  -------------------------- PASSED -------------------------- 
[2023-08-18 22:44:43,511]  -------------------------- PASSED -------------------------- 
[2023-08-18 22:44:43,535]  -------------------------- PASSED -------------------------- 
[2023-08-18 22:44:43,556]  -------------------------- PASSED -------------------------- 
[2023-08-18 22:44:43,577]  -------------------------- PASSED -------------------------- 
[2023-08-18 22:44:43,601]  -------------------------- PASSED -------------------------- 
[2023-08-18 22:44:43,622]  -------------------------- PASSED -------------------------- 
[2023-08-18 22:44:43,643]  -------------------------- PASSED -------------------------- 
[2023-08-18 22:44:43,667]  -------------------------- PASSED -------------------------- 
[2023-08-18 22:44:43,674]  -------------------------- PASSED -------------------------- 
[2023-08-18 22:44:43,681]  -------------------------- PASSED -------------------------- 
[2023-08-18 22:45:03,689]  -------------------------- PASSED -------------------------- 
[2023-08-18 22:45:03,721]  -------------------------- PASSED -------------------------- 
[2023-08-18 22:45:03,743]  -------------------------- PASSED -------------------------- 
[2023-08-18 22:45:03,764]  -------------------------- PASSED -------------------------- 
[2023-08-18 22:45:03,786]  -------------------------- PASSED -------------------------- 
[2023-08-18 22:45:03,808]  -------------------------- PASSED -------------------------- 
[2023-08-18 22:45:03,830]  -------------------------- FAILED -------------------------- 
[2023-08-18 22:45:05,068]  -------------------------- PASSED -------------------------- 
[2023-08-18 22:45:07,858]  -------------------------- FAILED -------------------------- 
[2023-08-18 22:45:08,321]  -------------------------- FAILED -------------------------- 
[2023-08-18 22:45:08,341]  -------------------------- FAILED -------------------------- 
[2023-08-18 22:45:08,363]  -------------------------- PASSED -------------------------- 
[2023-08-18 22:45:08,384]  -------------------------- PASSED -------------------------- 
[2023-08-18 22:45:08,408]  -------------------------- PASSED -------------------------- 
[2023-08-18 22:45:08,430]  -------------------------- PASSED -------------------------- 
[2023-08-18 22:45:08,451]  -------------------------- PASSED -------------------------- 
[2023-08-18 22:45:08,472]  -------------------------- PASSED -------------------------- 
[2023-08-18 22:45:08,493]  -------------------------- PASSED -------------------------- 
[2023-08-18 22:45:08,514]  -------------------------- PASSED -------------------------- 
[2023-08-18 22:45:08,534]  -------------------------- PASSED -------------------------- 
[2023-08-18 22:45:08,554]  -------------------------- PASSED -------------------------- 
[2023-08-18 22:45:08,574]  -------------------------- PASSED -------------------------- 
[2023-08-18 22:45:08,593]  -------------------------- PASSED -------------------------- 
[2023-08-18 22:45:08,613]  -------------------------- PASSED -------------------------- 
[2023-08-18 22:45:08,633]  -------------------------- PASSED -------------------------- 
[2023-08-18 22:45:08,653]  -------------------------- PASSED -------------------------- 
[2023-08-18 22:45:08,673]  -------------------------- PASSED -------------------------- 
[2023-08-18 22:45:08,696]  -------------------------- PASSED -------------------------- 
[2023-08-18 22:45:08,718]  -------------------------- PASSED -------------------------- 
[2023-08-18 22:45:08,739]  -------------------------- PASSED -------------------------- 
[2023-08-18 22:45:08,761]  -------------------------- PASSED -------------------------- 
[2023-08-18 22:45:08,783]  -------------------------- PASSED -------------------------- 
[2023-08-18 22:45:08,789]  -------------------------- PASSED -------------------------- 
[2023-08-18 22:45:08,803]  -------------------------- PASSED -------------------------- 
[2023-08-18 22:45:28,813]  -------------------------- PASSED -------------------------- 
[2023-08-18 22:45:48,903] OS name = windows 10
[2023-08-18 22:45:48,903] Driver instance name = firefoxdriver: firefox on windows (7cca4753-46fe-4b4d-86d4-886df00b4b2d)
[2023-08-18 22:47:10,158] Pre-Condition: Go to page
[2023-08-18 22:47:10,159] Run on FIREFOX
[2023-08-18 22:47:16,799] Pre-Condition: Navigate to Login page
[2023-08-18 22:47:17,271] Pre-Condition: Set cookies and reload page
[2023-08-18 22:47:28,919]  -------------------------- PASSED -------------------------- 
[2023-08-18 22:47:30,329]  -------------------------- PASSED -------------------------- 
[2023-08-18 22:47:30,464]  -------------------------- PASSED -------------------------- 
[2023-08-18 22:47:30,633]  -------------------------- PASSED -------------------------- 
[2023-08-18 22:47:30,768]  -------------------------- PASSED -------------------------- 
[2023-08-18 22:47:30,909]  -------------------------- PASSED -------------------------- 
[2023-08-18 22:47:32,492]  -------------------------- PASSED -------------------------- 
[2023-08-18 22:47:32,514]  -------------------------- PASSED -------------------------- 
[2023-08-18 22:47:32,536]  -------------------------- PASSED -------------------------- 
[2023-08-18 22:47:35,056]  -------------------------- PASSED -------------------------- 
[2023-08-18 22:47:41,191]  -------------------------- PASSED -------------------------- 
[2023-08-18 22:48:02,529] OS name = windows 10
[2023-08-18 22:48:02,529] Driver instance name = firefoxdriver: firefox on windows (a9c97908-8312-4ba2-988d-bb2c3cc12f89)
[2023-08-18 22:49:18,548] Pre-Condition: Go to page
[2023-08-18 22:49:18,548] Run on FIREFOX
[2023-08-18 22:49:21,987] Pre-Condition: Navigate to Login page
[2023-08-18 22:49:22,515] Pre-Condition: Set cookies and reload page
[2023-08-18 22:49:34,185]  -------------------------- PASSED -------------------------- 
[2023-08-18 22:49:35,600]  -------------------------- PASSED -------------------------- 
[2023-08-18 22:49:35,745]  -------------------------- PASSED -------------------------- 
[2023-08-18 22:49:35,888]  -------------------------- PASSED -------------------------- 
[2023-08-18 22:49:36,035]  -------------------------- PASSED -------------------------- 
[2023-08-18 22:49:36,166]  -------------------------- PASSED -------------------------- 
[2023-08-18 22:49:37,791]  -------------------------- PASSED -------------------------- 
[2023-08-18 22:49:37,817]  -------------------------- PASSED -------------------------- 
[2023-08-18 22:49:37,843]  -------------------------- PASSED -------------------------- 
[2023-08-18 22:49:40,335]  -------------------------- PASSED -------------------------- 
[2023-08-18 22:49:46,433]  -------------------------- PASSED -------------------------- 
[2023-08-18 22:49:47,717]  -------------------------- PASSED -------------------------- 
[2023-08-18 22:49:53,664]  -------------------------- FAILED -------------------------- 
[2023-08-18 22:49:53,993]  -------------------------- PASSED -------------------------- 
[2023-08-18 22:49:54,017]  -------------------------- PASSED -------------------------- 
[2023-08-18 22:49:54,042]  -------------------------- PASSED -------------------------- 
[2023-08-18 22:49:54,066]  -------------------------- PASSED -------------------------- 
[2023-08-18 22:49:54,087]  -------------------------- PASSED -------------------------- 
[2023-08-18 22:49:54,111]  -------------------------- PASSED -------------------------- 
[2023-08-18 22:49:54,134]  -------------------------- PASSED -------------------------- 
[2023-08-18 22:49:54,159]  -------------------------- PASSED -------------------------- 
[2023-08-18 22:49:54,180]  -------------------------- PASSED -------------------------- 
[2023-08-18 22:49:54,204]  -------------------------- PASSED -------------------------- 
[2023-08-18 22:49:54,224]  -------------------------- PASSED -------------------------- 
[2023-08-18 22:49:54,250]  -------------------------- PASSED -------------------------- 
[2023-08-18 22:49:54,278]  -------------------------- PASSED -------------------------- 
[2023-08-18 22:49:54,303]  -------------------------- PASSED -------------------------- 
[2023-08-18 22:49:54,322]  -------------------------- PASSED -------------------------- 
[2023-08-18 22:49:54,345]  -------------------------- PASSED -------------------------- 
[2023-08-18 22:49:54,366]  -------------------------- PASSED -------------------------- 
[2023-08-18 22:49:54,392]  -------------------------- PASSED -------------------------- 
[2023-08-18 22:49:54,413]  -------------------------- PASSED -------------------------- 
[2023-08-18 22:49:54,420]  -------------------------- PASSED -------------------------- 
[2023-08-18 22:49:54,426]  -------------------------- PASSED -------------------------- 
[2023-08-18 22:50:14,436]  -------------------------- PASSED -------------------------- 
[2023-08-18 22:50:14,461]  -------------------------- PASSED -------------------------- 
[2023-08-18 22:50:14,484]  -------------------------- PASSED -------------------------- 
[2023-08-18 22:50:14,505]  -------------------------- PASSED -------------------------- 
[2023-08-18 22:50:14,526]  -------------------------- PASSED -------------------------- 
[2023-08-18 22:50:14,548]  -------------------------- PASSED -------------------------- 
[2023-08-18 22:50:14,570]  -------------------------- FAILED -------------------------- 
[2023-08-18 22:50:15,449]  -------------------------- PASSED -------------------------- 
[2023-08-18 22:50:16,663]  -------------------------- FAILED -------------------------- 
[2023-08-18 22:50:17,104]  -------------------------- FAILED -------------------------- 
[2023-08-18 22:50:17,126]  -------------------------- FAILED -------------------------- 
[2023-08-18 22:50:17,145]  -------------------------- PASSED -------------------------- 
[2023-08-18 22:50:17,165]  -------------------------- PASSED -------------------------- 
[2023-08-18 22:50:17,186]  -------------------------- PASSED -------------------------- 
[2023-08-18 22:50:17,208]  -------------------------- PASSED -------------------------- 
[2023-08-18 22:50:17,227]  -------------------------- PASSED -------------------------- 
[2023-08-18 22:50:17,246]  -------------------------- PASSED -------------------------- 
[2023-08-18 22:50:17,265]  -------------------------- PASSED -------------------------- 
[2023-08-18 22:50:17,286]  -------------------------- PASSED -------------------------- 
[2023-08-18 22:50:17,306]  -------------------------- PASSED -------------------------- 
[2023-08-18 22:50:17,326]  -------------------------- PASSED -------------------------- 
[2023-08-18 22:50:17,345]  -------------------------- PASSED -------------------------- 
[2023-08-18 22:50:17,365]  -------------------------- PASSED -------------------------- 
[2023-08-18 22:50:17,387]  -------------------------- PASSED -------------------------- 
[2023-08-18 22:50:17,408]  -------------------------- PASSED -------------------------- 
[2023-08-18 22:50:17,429]  -------------------------- PASSED -------------------------- 
[2023-08-18 22:50:17,449]  -------------------------- PASSED -------------------------- 
[2023-08-18 22:50:17,470]  -------------------------- PASSED -------------------------- 
[2023-08-18 22:50:17,490]  -------------------------- PASSED -------------------------- 
[2023-08-18 22:50:17,511]  -------------------------- PASSED -------------------------- 
[2023-08-18 22:50:17,531]  -------------------------- PASSED -------------------------- 
[2023-08-18 22:50:17,553]  -------------------------- PASSED -------------------------- 
[2023-08-18 22:50:17,559]  -------------------------- PASSED -------------------------- 
[2023-08-18 22:50:17,564]  -------------------------- PASSED -------------------------- 
[2023-08-18 22:50:37,577]  -------------------------- PASSED -------------------------- 
[2023-08-18 22:50:37,605]  -------------------------- PASSED -------------------------- 
[2023-08-18 22:50:37,636]  -------------------------- PASSED -------------------------- 
[2023-08-18 22:50:37,657]  -------------------------- PASSED -------------------------- 
[2023-08-18 22:50:37,678]  -------------------------- PASSED -------------------------- 
[2023-08-18 22:50:37,698]  -------------------------- PASSED -------------------------- 
[2023-08-18 22:50:37,721]  -------------------------- PASSED -------------------------- 
[2023-08-18 22:50:37,731] OS name = windows 10
[2023-08-18 22:50:37,731] Driver instance name = firefoxdriver: firefox on windows (efc04864-57a0-445d-a618-90cd35ea09e2)
